/home/kaashmonee/Documents/rM2FS/fitsfile.py:23: RuntimeWarning: invalid value encountered in log
  self.log_image_data = np.log(self.image_data)
Fitting r2173_stitched.fits (1/24)
Fitting gaussian...
Fitting spectrum 126/127Plotting 127 of 127 spectra
Saving r2173_stitched.fits_fitted.png to disk...
Saving r2173_stitched.fits.pkl to disk...
/home/kaashmonee/Documents/rM2FS/fitsfile.py:23: RuntimeWarning: invalid value encountered in log
  self.log_image_data = np.log(self.image_data)
Fitting r0136_stitched.fits (2/24)
Fitting gaussian...
Fitting spectrum 81/109
Spectrum 81 had 164/165 points with a successful Gaussian fit.
Fitting spectrum 108/109Plotting 109 of 109 spectra
Saving r0136_stitched.fits_fitted.png to disk...
Saving r0136_stitched.fits.pkl to disk...
/home/kaashmonee/Documents/rM2FS/fitsfile.py:23: RuntimeWarning: invalid value encountered in log
  self.log_image_data = np.log(self.image_data)
Fitting b0708_stitched.fits (3/24)
Fitting gaussian...
Fitting spectrum 126/127Plotting 127 of 127 spectra
Saving b0708_stitched.fits_fitted.png to disk...
Saving b0708_stitched.fits.pkl to disk...
/home/kaashmonee/Documents/rM2FS/fitsfile.py:23: RuntimeWarning: invalid value encountered in log
  self.log_image_data = np.log(self.image_data)
Fitting b1168_stitched.fits (4/24)
Fitting gaussian...
Fitting spectrum 127/128Plotting 128 of 128 spectra
Saving b1168_stitched.fits_fitted.png to disk...
Saving b1168_stitched.fits.pkl to disk...
/home/kaashmonee/Documents/rM2FS/fitsfile.py:23: RuntimeWarning: invalid value encountered in log
  self.log_image_data = np.log(self.image_data)
Fitting b2084_stitched.fits (5/24)
Fitting gaussian...
Fitting spectrum 127/128Plotting 128 of 128 spectra
Saving b2084_stitched.fits_fitted.png to disk...
Saving b2084_stitched.fits.pkl to disk...
/home/kaashmonee/Documents/rM2FS/fitsfile.py:23: RuntimeWarning: invalid value encountered in log
  self.log_image_data = np.log(self.image_data)
Fitting b2173_stitched.fits (6/24)
Fitting gaussian...
Fitting spectrum 127/128Plotting 128 of 128 spectra
Saving b2173_stitched.fits_fitted.png to disk...
Saving b2173_stitched.fits.pkl to disk...
/home/kaashmonee/Documents/rM2FS/fitsfile.py:23: RuntimeWarning: invalid value encountered in log
  self.log_image_data = np.log(self.image_data)
Fitting r2311_stitched.fits (7/24)
Fitting gaussian...
Fitting spectrum 76/129exception:  division by zero
r2311_stitched.fits failed
/home/kaashmonee/Documents/rM2FS/fitsfile.py:23: RuntimeWarning: invalid value encountered in log
  self.log_image_data = np.log(self.image_data)
Fitting b0700_stitched.fits (8/24)
Fitting gaussian...
Fitting spectrum 64/115exception:  division by zero
b0700_stitched.fits failed
/home/kaashmonee/Documents/rM2FS/fitsfile.py:23: RuntimeWarning: invalid value encountered in log
  self.log_image_data = np.log(self.image_data)
Fitting b0136_stitched.fits (9/24)
Fitting gaussian...
Fitting spectrum 10/128
Spectrum 10 had 445/446 points with a successful Gaussian fit.
Fitting spectrum 28/128
Spectrum 28 had 449/450 points with a successful Gaussian fit.
Fitting spectrum 44/128
Spectrum 44 had 460/461 points with a successful Gaussian fit.
Fitting spectrum 127/128Plotting 128 of 128 spectra
Saving b0136_stitched.fits_fitted.png to disk...
Saving b0136_stitched.fits.pkl to disk...
/home/kaashmonee/Documents/rM2FS/fitsfile.py:23: RuntimeWarning: invalid value encountered in log
  self.log_image_data = np.log(self.image_data)
Fitting b0765_stitched.fits (10/24)
Fitting gaussian...
Fitting spectrum 127/128Plotting 128 of 128 spectra
Saving b0765_stitched.fits_fitted.png to disk...
Saving b0765_stitched.fits.pkl to disk...
/home/kaashmonee/Documents/rM2FS/fitsfile.py:23: RuntimeWarning: invalid value encountered in log
  self.log_image_data = np.log(self.image_data)
Fitting b0439_stitched.fits (11/24)
Fitting gaussian...
Fitting spectrum 109/110Plotting 110 of 110 spectra
Saving b0439_stitched.fits_fitted.png to disk...
Saving b0439_stitched.fits.pkl to disk...
/home/kaashmonee/Documents/rM2FS/fitsfile.py:23: RuntimeWarning: invalid value encountered in log
  self.log_image_data = np.log(self.image_data)
Fitting r0439_stitched.fits (12/24)
Fitting gaussian...
Fitting spectrum 127/128Plotting 128 of 128 spectra
Saving r0439_stitched.fits_fitted.png to disk...
Saving r0439_stitched.fits.pkl to disk...
/home/kaashmonee/Documents/rM2FS/fitsfile.py:23: RuntimeWarning: invalid value encountered in log
  self.log_image_data = np.log(self.image_data)
Fitting r0424_stitched.fits (13/24)
Fitting gaussian...
Fitting spectrum 126/127Plotting 127 of 127 spectra
Saving r0424_stitched.fits_fitted.png to disk...
Saving r0424_stitched.fits.pkl to disk...
/home/kaashmonee/Documents/rM2FS/fitsfile.py:23: RuntimeWarning: invalid value encountered in log
  self.log_image_data = np.log(self.image_data)
Fitting r1511_stitched.fits (14/24)
Fitting gaussian...
Fitting spectrum 126/127Plotting 127 of 127 spectra
Saving r1511_stitched.fits_fitted.png to disk...
Saving r1511_stitched.fits.pkl to disk...
/home/kaashmonee/Documents/rM2FS/fitsfile.py:23: RuntimeWarning: invalid value encountered in log
  self.log_image_data = np.log(self.image_data)
Fitting r0765_stitched.fits (15/24)
Fitting gaussian...
Fitting spectrum 126/127Plotting 127 of 127 spectra
Saving r0765_stitched.fits_fitted.png to disk...
Saving r0765_stitched.fits.pkl to disk...
/home/kaashmonee/Documents/rM2FS/fitsfile.py:23: RuntimeWarning: invalid value encountered in log
  self.log_image_data = np.log(self.image_data)
Fitting b0424_stitched.fits (16/24)
Fitting gaussian...
Fitting spectrum 0/129exception:  division by zero
b0424_stitched.fits failed
Fitting b4182_stitched.fits (17/24)
Fitting gaussian...
Fitting spectrum 0/131exception:  division by zero
b4182_stitched.fits failed
Fitting b2311_stitched.fits (18/24)
Fitting gaussian...
Fitting spectrum 16/133exception:  division by zero
b2311_stitched.fits failed
/home/kaashmonee/Documents/rM2FS/fitsfile.py:23: RuntimeWarning: invalid value encountered in log
  self.log_image_data = np.log(self.image_data)
Fitting r0708_stitched.fits (19/24)
Fitting gaussian...
Fitting spectrum 31/113exception:  division by zero
r0708_stitched.fits failed
/home/kaashmonee/Documents/rM2FS/fitsfile.py:23: RuntimeWarning: invalid value encountered in log
  self.log_image_data = np.log(self.image_data)
Fitting r1168_stitched.fits (20/24)
Fitting gaussian...
Fitting spectrum 126/127Plotting 127 of 127 spectra
Saving r1168_stitched.fits_fitted.png to disk...
Saving r1168_stitched.fits.pkl to disk...
/home/kaashmonee/Documents/rM2FS/fitsfile.py:23: RuntimeWarning: invalid value encountered in log
  self.log_image_data = np.log(self.image_data)
Fitting r4182_stitched.fits (21/24)
Fitting gaussian...
Fitting spectrum 76/130
Spectrum 76 had 14/38 points with a successful Gaussian fit.
Fitting spectrum 77/130
Spectrum 77 had 8/10 points with a successful Gaussian fit.
Fitting spectrum 117/130
Spectrum 117 had 89/94 points with a successful Gaussian fit.
Fitting spectrum 118/130
Spectrum 118 had 65/95 points with a successful Gaussian fit.
Fitting spectrum 129/130Plotting 130 of 130 spectra
Saving r4182_stitched.fits_fitted.png to disk...
Saving r4182_stitched.fits.pkl to disk...
/home/kaashmonee/Documents/rM2FS/fitsfile.py:23: RuntimeWarning: invalid value encountered in log
  self.log_image_data = np.log(self.image_data)
Fitting r2084_stitched.fits (22/24)
Fitting gaussian...
Fitting spectrum 126/127Plotting 127 of 127 spectra
Saving r2084_stitched.fits_fitted.png to disk...
Saving r2084_stitched.fits.pkl to disk...
/home/kaashmonee/Documents/rM2FS/fitsfile.py:23: RuntimeWarning: invalid value encountered in log
  self.log_image_data = np.log(self.image_data)
Fitting b1511_stitched.fits (23/24)
Fitting gaussian...
Fitting spectrum 127/128Plotting 128 of 128 spectra
Saving b1511_stitched.fits_fitted.png to disk...
Saving b1511_stitched.fits.pkl to disk...
/home/kaashmonee/Documents/rM2FS/fitsfile.py:23: RuntimeWarning: invalid value encountered in log
  self.log_image_data = np.log(self.image_data)
Fitting r0700_stitched.fits (24/24)
Fitting gaussian...
Fitting spectrum 43/129exception:  division by zero
r0700_stitched.fits failed
